<?xml version="1.0" encoding="UTF-8"?>
<!-- Generated by org.testng.reporters.JUnitReportReporter -->
<testsuite hostname="DESKTOP-FPHRCMQ" failures="0" tests="4" name="com.test_a.Test_1" time="4088.494" errors="0" timestamp="2022-07-31T16:26:17 IST" skipped="0">
  <testcase classname="com.test_a.Test_1" name="tc01" time="22.707"/>
  <system-out/>
  <testcase classname="com.test_a.Test_1" name="tc01" time="27.728"/>
  <system-out/>
  <testcase classname="com.test_a.Test_1" name="tc02" time="2020.549"/>
  <system-out/>
  <testcase classname="com.test_a.Test_1" name="tc02" time="2017.510"/>
  <system-out/>
</testsuite> <!-- com.test_a.Test_1 -->
